Using pre-set license
Built from '2020.3/release' branch; Version is '2020.3.1f1 (77a89f25062f) revision 7841951'; Using compiler version '192528614'; Build Type 'Release'
OS: 'Windows 10 IoT Enterprise; OS build 18363.2274; Version 1909; 64bit' Language: 'zh' Physical Memory: 32682 MB
BatchMode: 1, IsHumanControllingUs: 0, StartBugReporterOnCrash: 0, Is64bit: 1, IsPro: 0

 COMMAND LINE ARGUMENTS:
C:\Program Files\Unity\Hub\Editor\2020.3.1f1\Editor\Unity.exe
-adb2
-batchMode
-noUpm
-name
AssetImportWorker0
-projectPath
D:/Unity Project/CubeAnimation
-logFile
Logs/AssetImportWorker0.log
-srvPort
51508
Successfully changed project path to: D:/Unity Project/CubeAnimation
D:/Unity Project/CubeAnimation
Using Asset Import Pipeline V2.
Refreshing native plugins compatible for Editor in 18.59 ms, found 0 plugins.
Preloading 0 native plugins for Editor in 0.00 ms.
Initialize engine version: 2020.3.1f1 (77a89f25062f)
[Subsystems] Discovering subsystems at path C:/Program Files/Unity/Hub/Editor/2020.3.1f1/Editor/Data/Resources/UnitySubsystems
[Subsystems] Discovering subsystems at path D:/Unity Project/CubeAnimation/Assets
GfxDevice: creating device client; threaded=0
Direct3D:
    Version:  Direct3D 11.0 [level 11.1]
    Renderer: AMD Radeon RX 6700 XT (ID=0x73df)
    Vendor:   
    VRAM:     12242 MB
    Driver:   31.0.12015.1008
Initialize mono
Mono path[0] = 'C:/Program Files/Unity/Hub/Editor/2020.3.1f1/Editor/Data/Managed'
Mono path[1] = 'C:/Program Files/Unity/Hub/Editor/2020.3.1f1/Editor/Data/MonoBleedingEdge/lib/mono/unityjit'
Mono config path = 'C:/Program Files/Unity/Hub/Editor/2020.3.1f1/Editor/Data/MonoBleedingEdge/etc'
Using monoOptions --debugger-agent=transport=dt_socket,embedding=1,server=y,suspend=n,address=127.0.0.1:56944
Begin MonoManager ReloadAssembly
Registering precompiled unity dll's ...
Register platform support module: C:/Program Files/Unity/Hub/Editor/2020.3.1f1/Editor/Data/PlaybackEngines/WindowsStandaloneSupport/UnityEditor.WindowsStandalone.Extensions.dll
Registered in 0.001286 seconds.
Native extension for WindowsStandalone target not found
Refreshing native plugins compatible for Editor in 19.06 ms, found 0 plugins.
Preloading 0 native plugins for Editor in 0.00 ms.
Invoked RoslynAnalysisRunner static constructor.
RoslynAnalysisRunner will not be running.
RoslynAnalysisRunner has terminated.
Mono: successfully reloaded assembly
- Completed reload, in  0.797 seconds
Platform modules already initialized, skipping
Registering precompiled user dll's ...
Registered in 0.000458 seconds.
Begin MonoManager ReloadAssembly
Native extension for WindowsStandalone target not found
Refreshing native plugins compatible for Editor in 0.20 ms, found 0 plugins.
Preloading 0 native plugins for Editor in 0.00 ms.
Invoked RoslynAnalysisRunner static constructor.
RoslynAnalysisRunner will not be running.
RoslynAnalysisRunner has terminated.
Mono: successfully reloaded assembly
- Completed reload, in  0.636 seconds
Platform modules already initialized, skipping
========================================================================
Worker process is ready to serve import requests
Launched and connected shader compiler UnityShaderCompiler.exe after 0.03 seconds
Refreshing native plugins compatible for Editor in 0.30 ms, found 0 plugins.
Preloading 0 native plugins for Editor in 0.00 ms.
Unloading 1113 Unused Serialized files (Serialized files now loaded: 0)
System memory in use before: 62.1 MB.
System memory in use after: 62.1 MB.

Unloading 10 unused Assets to reduce memory usage. Loaded Objects now: 1555.
Total: 1.493700 ms (FindLiveObjects: 0.144000 ms CreateObjectMapping: 0.026100 ms MarkObjects: 1.259700 ms  DeleteObjects: 0.062900 ms)

========================================================================
Received Import Request.
  path: Assets
  artifactKey: Guid(00000000000000001000000000000000) Importer(815301076,1909f56bfc062723c751e8b465ee728b)
Start importing Assets using Guid(00000000000000001000000000000000) Importer(815301076,1909f56bfc062723c751e8b465ee728b)  -> (artifact id: 'a6374019befeac6ce670f13ba9960efb') in 0.006505 seconds
  Import took 0.007946 seconds .

========================================================================
Received Import Request.
  Time since last request: 8.466571 seconds.
  path: Assets/Animation
  artifactKey: Guid(748fffda845ffc4429f03191a2089850) Importer(815301076,1909f56bfc062723c751e8b465ee728b)
Start importing Assets/Animation using Guid(748fffda845ffc4429f03191a2089850) Importer(815301076,1909f56bfc062723c751e8b465ee728b)  -> (artifact id: 'e688a5c4a24b4bb0787d1d7c0622b672') in 0.005395 seconds
  Import took 0.007141 seconds .

========================================================================
Received Import Request.
  Time since last request: 28.053160 seconds.
  path: Assets/RotationYRight.anim
  artifactKey: Guid(e9269eb0582fec04cb0aead5b2a5b279) Importer(815301076,1909f56bfc062723c751e8b465ee728b)
Start importing Assets/RotationYRight.anim using Guid(e9269eb0582fec04cb0aead5b2a5b279) Importer(815301076,1909f56bfc062723c751e8b465ee728b)  -> (artifact id: '8f4d1bd2a38dabaed68aac4bfa052ed9') in 0.024689 seconds
  Import took 0.026411 seconds .

========================================================================
Received Import Request.
  Time since last request: 6.051281 seconds.
  path: Assets/RotationXLeft.anim
  artifactKey: Guid(a7fa4d2d877b695458d5d0493aae9021) Importer(815301076,1909f56bfc062723c751e8b465ee728b)
Start importing Assets/RotationXLeft.anim using Guid(a7fa4d2d877b695458d5d0493aae9021) Importer(815301076,1909f56bfc062723c751e8b465ee728b)  -> (artifact id: '79ac2b0ce33f943e4d9349cb0f28f4d5') in 0.005760 seconds
  Import took 0.007581 seconds .

========================================================================
Received Import Request.
  Time since last request: 0.000977 seconds.
  path: Assets/RotationXLeft.anim
  artifactKey: Guid(a7fa4d2d877b695458d5d0493aae9021) Importer(815301076,1909f56bfc062723c751e8b465ee728b)
Start importing Assets/RotationXLeft.anim using Guid(a7fa4d2d877b695458d5d0493aae9021) Importer(815301076,1909f56bfc062723c751e8b465ee728b)  -> (artifact id: '79ac2b0ce33f943e4d9349cb0f28f4d5') in 0.002374 seconds
  Import took 0.003841 seconds .

========================================================================
Received Import Request.
  Time since last request: 0.399226 seconds.
  path: Assets/RotationXRight.anim
  artifactKey: Guid(d3c3075f6fdd4d04a83bc29450d1d396) Importer(815301076,1909f56bfc062723c751e8b465ee728b)
Start importing Assets/RotationXRight.anim using Guid(d3c3075f6fdd4d04a83bc29450d1d396) Importer(815301076,1909f56bfc062723c751e8b465ee728b)  -> (artifact id: 'ad277d9a5a7f9f0c6565f32cd0802958') in 0.005503 seconds
  Import took 0.007256 seconds .

========================================================================
Received Import Request.
  Time since last request: 20.686494 seconds.
  path: Assets/Animation/RotationYLeft.anim
  artifactKey: Guid(75e49567db6f9724b939a7984862ffb8) Importer(815301076,1909f56bfc062723c751e8b465ee728b)
Start importing Assets/Animation/RotationYLeft.anim using Guid(75e49567db6f9724b939a7984862ffb8) Importer(815301076,1909f56bfc062723c751e8b465ee728b)  -> (artifact id: '2187ab8b3b034e2ee88fbd6f4b9ba47d') in 0.005398 seconds
  Import took 0.007211 seconds .

========================================================================
Received Import Request.
  Time since last request: 0.000549 seconds.
  path: Assets/Animation/RotationYLeft.anim
  artifactKey: Guid(75e49567db6f9724b939a7984862ffb8) Importer(815301076,1909f56bfc062723c751e8b465ee728b)
Start importing Assets/Animation/RotationYLeft.anim using Guid(75e49567db6f9724b939a7984862ffb8) Importer(815301076,1909f56bfc062723c751e8b465ee728b)  -> (artifact id: '2187ab8b3b034e2ee88fbd6f4b9ba47d') in 0.002344 seconds
  Import took 0.003775 seconds .

========================================================================
Received Import Request.
  Time since last request: 33.815032 seconds.
  path: Assets/MainLogic.cs
  artifactKey: Guid(093f94491ee5547478cf6f5976bbeee6) Importer(815301076,1909f56bfc062723c751e8b465ee728b)
Start importing Assets/MainLogic.cs using Guid(093f94491ee5547478cf6f5976bbeee6) Importer(815301076,1909f56bfc062723c751e8b465ee728b)  -> (artifact id: 'ca8df7c51ff63a28cb9ce354175004eb') in 0.007102 seconds
  Import took 0.008892 seconds .

========================================================================
Received Import Request.
  Time since last request: 0.051829 seconds.
  path: Assets/MainLogic.cs
  artifactKey: Guid(093f94491ee5547478cf6f5976bbeee6) Importer(815301076,1909f56bfc062723c751e8b465ee728b)
Start importing Assets/MainLogic.cs using Guid(093f94491ee5547478cf6f5976bbeee6) Importer(815301076,1909f56bfc062723c751e8b465ee728b)  -> (artifact id: 'ca8df7c51ff63a28cb9ce354175004eb') in 0.001891 seconds
  Import took 0.003635 seconds .

========================================================================
Received Prepare
Registering precompiled user dll's ...
Registered in 0.000521 seconds.
Begin MonoManager ReloadAssembly
Native extension for WindowsStandalone target not found
Refreshing native plugins compatible for Editor in 0.21 ms, found 0 plugins.
Preloading 0 native plugins for Editor in 0.00 ms.
Invoked RoslynAnalysisRunner static constructor.
RoslynAnalysisRunner will not be running.
RoslynAnalysisRunner has terminated.
Mono: successfully reloaded assembly
- Completed reload, in  0.594 seconds
Platform modules already initialized, skipping
Refreshing native plugins compatible for Editor in 0.17 ms, found 0 plugins.
Preloading 0 native plugins for Editor in 0.00 ms.
Unloading 1110 Unused Serialized files (Serialized files now loaded: 0)
System memory in use before: 62.1 MB.
System memory in use after: 62.2 MB.

Unloading 5 unused Assets to reduce memory usage. Loaded Objects now: 1560.
Total: 1.313900 ms (FindLiveObjects: 0.110700 ms CreateObjectMapping: 0.024600 ms MarkObjects: 1.142300 ms  DeleteObjects: 0.035200 ms)

========================================================================
Received Import Request.
  Time since last request: 2.624199 seconds.
  path: Assets/CubeMovement.cs
  artifactKey: Guid(1a1652e75a5b8aa428a4244f0a40b794) Importer(815301076,1909f56bfc062723c751e8b465ee728b)
Start importing Assets/CubeMovement.cs using Guid(1a1652e75a5b8aa428a4244f0a40b794) Importer(815301076,1909f56bfc062723c751e8b465ee728b)  -> (artifact id: '9e6d7ae3dd5d7e2b4dd67ce11cd30b18') in 0.006651 seconds
  Import took 0.008289 seconds .

========================================================================
Received Prepare
Registering precompiled user dll's ...
Registered in 0.000475 seconds.
Begin MonoManager ReloadAssembly
Native extension for WindowsStandalone target not found
Refreshing native plugins compatible for Editor in 0.22 ms, found 0 plugins.
Preloading 0 native plugins for Editor in 0.00 ms.
Invoked RoslynAnalysisRunner static constructor.
RoslynAnalysisRunner will not be running.
RoslynAnalysisRunner has terminated.
Mono: successfully reloaded assembly
- Completed reload, in  0.609 seconds
Platform modules already initialized, skipping
Refreshing native plugins compatible for Editor in 0.20 ms, found 0 plugins.
Preloading 0 native plugins for Editor in 0.00 ms.
Unloading 1110 Unused Serialized files (Serialized files now loaded: 0)
System memory in use before: 62.1 MB.
System memory in use after: 62.2 MB.

Unloading 5 unused Assets to reduce memory usage. Loaded Objects now: 1563.
Total: 1.428800 ms (FindLiveObjects: 0.144200 ms CreateObjectMapping: 0.025800 ms MarkObjects: 1.213000 ms  DeleteObjects: 0.044400 ms)

========================================================================
Received Prepare
Registering precompiled user dll's ...
Registered in 0.000433 seconds.
Begin MonoManager ReloadAssembly
Native extension for WindowsStandalone target not found
Refreshing native plugins compatible for Editor in 0.20 ms, found 0 plugins.
Preloading 0 native plugins for Editor in 0.00 ms.
Invoked RoslynAnalysisRunner static constructor.
RoslynAnalysisRunner will not be running.
RoslynAnalysisRunner has terminated.
Mono: successfully reloaded assembly
- Completed reload, in  0.591 seconds
Platform modules already initialized, skipping
Refreshing native plugins compatible for Editor in 0.18 ms, found 0 plugins.
Preloading 0 native plugins for Editor in 0.00 ms.
Unloading 1110 Unused Serialized files (Serialized files now loaded: 0)
System memory in use before: 62.1 MB.
System memory in use after: 62.2 MB.

Unloading 5 unused Assets to reduce memory usage. Loaded Objects now: 1566.
Total: 1.398900 ms (FindLiveObjects: 0.129600 ms CreateObjectMapping: 0.026300 ms MarkObjects: 1.199400 ms  DeleteObjects: 0.042700 ms)

========================================================================
Received Prepare
Registering precompiled user dll's ...
Registered in 0.000484 seconds.
Begin MonoManager ReloadAssembly
Native extension for WindowsStandalone target not found
Refreshing native plugins compatible for Editor in 0.20 ms, found 0 plugins.
Preloading 0 native plugins for Editor in 0.00 ms.
Invoked RoslynAnalysisRunner static constructor.
RoslynAnalysisRunner will not be running.
RoslynAnalysisRunner has terminated.
Mono: successfully reloaded assembly
- Completed reload, in  0.596 seconds
Platform modules already initialized, skipping
Refreshing native plugins compatible for Editor in 0.20 ms, found 0 plugins.
Preloading 0 native plugins for Editor in 0.00 ms.
Unloading 1110 Unused Serialized files (Serialized files now loaded: 0)
System memory in use before: 62.1 MB.
System memory in use after: 62.2 MB.

Unloading 5 unused Assets to reduce memory usage. Loaded Objects now: 1569.
Total: 1.325600 ms (FindLiveObjects: 0.113200 ms CreateObjectMapping: 0.025100 ms MarkObjects: 1.145300 ms  DeleteObjects: 0.040900 ms)

========================================================================
Received Prepare
Registering precompiled user dll's ...
Registered in 0.000565 seconds.
Begin MonoManager ReloadAssembly
Native extension for WindowsStandalone target not found
Refreshing native plugins compatible for Editor in 0.21 ms, found 0 plugins.
Preloading 0 native plugins for Editor in 0.00 ms.
Invoked RoslynAnalysisRunner static constructor.
RoslynAnalysisRunner will not be running.
RoslynAnalysisRunner has terminated.
Mono: successfully reloaded assembly
- Completed reload, in  0.588 seconds
Platform modules already initialized, skipping
Refreshing native plugins compatible for Editor in 0.19 ms, found 0 plugins.
Preloading 0 native plugins for Editor in 0.00 ms.
Unloading 1110 Unused Serialized files (Serialized files now loaded: 0)
System memory in use before: 62.1 MB.
System memory in use after: 62.2 MB.

Unloading 5 unused Assets to reduce memory usage. Loaded Objects now: 1572.
Total: 1.372100 ms (FindLiveObjects: 0.121300 ms CreateObjectMapping: 0.025200 ms MarkObjects: 1.185700 ms  DeleteObjects: 0.039100 ms)

========================================================================
Received Prepare
Registering precompiled user dll's ...
Registered in 0.000469 seconds.
Begin MonoManager ReloadAssembly
Native extension for WindowsStandalone target not found
Refreshing native plugins compatible for Editor in 0.21 ms, found 0 plugins.
Preloading 0 native plugins for Editor in 0.00 ms.
Invoked RoslynAnalysisRunner static constructor.
RoslynAnalysisRunner will not be running.
RoslynAnalysisRunner has terminated.
Mono: successfully reloaded assembly
- Completed reload, in  0.593 seconds
Platform modules already initialized, skipping
Refreshing native plugins compatible for Editor in 0.16 ms, found 0 plugins.
Preloading 0 native plugins for Editor in 0.00 ms.
Unloading 1110 Unused Serialized files (Serialized files now loaded: 0)
System memory in use before: 62.2 MB.
System memory in use after: 62.2 MB.

Unloading 5 unused Assets to reduce memory usage. Loaded Objects now: 1575.
Total: 1.339100 ms (FindLiveObjects: 0.110100 ms CreateObjectMapping: 0.024800 ms MarkObjects: 1.162800 ms  DeleteObjects: 0.040700 ms)

========================================================================
Received Prepare
Registering precompiled user dll's ...
Registered in 0.000573 seconds.
Begin MonoManager ReloadAssembly
Native extension for WindowsStandalone target not found
Refreshing native plugins compatible for Editor in 0.20 ms, found 0 plugins.
Preloading 0 native plugins for Editor in 0.00 ms.
Invoked RoslynAnalysisRunner static constructor.
RoslynAnalysisRunner will not be running.
RoslynAnalysisRunner has terminated.
Mono: successfully reloaded assembly
- Completed reload, in  0.592 seconds
Platform modules already initialized, skipping
Refreshing native plugins compatible for Editor in 0.16 ms, found 0 plugins.
Preloading 0 native plugins for Editor in 0.00 ms.
Unloading 1110 Unused Serialized files (Serialized files now loaded: 0)
System memory in use before: 62.2 MB.
System memory in use after: 62.2 MB.

Unloading 5 unused Assets to reduce memory usage. Loaded Objects now: 1578.
Total: 1.357700 ms (FindLiveObjects: 0.121900 ms CreateObjectMapping: 0.025500 ms MarkObjects: 1.166900 ms  DeleteObjects: 0.042300 ms)

========================================================================
Received Prepare
Registering precompiled user dll's ...
Registered in 0.000502 seconds.
Begin MonoManager ReloadAssembly
Native extension for WindowsStandalone target not found
Refreshing native plugins compatible for Editor in 0.22 ms, found 0 plugins.
Preloading 0 native plugins for Editor in 0.00 ms.
Invoked RoslynAnalysisRunner static constructor.
RoslynAnalysisRunner will not be running.
RoslynAnalysisRunner has terminated.
Mono: successfully reloaded assembly
- Completed reload, in  0.589 seconds
Platform modules already initialized, skipping
Refreshing native plugins compatible for Editor in 0.20 ms, found 0 plugins.
Preloading 0 native plugins for Editor in 0.00 ms.
Unloading 1110 Unused Serialized files (Serialized files now loaded: 0)
System memory in use before: 62.2 MB.
System memory in use after: 62.2 MB.

Unloading 5 unused Assets to reduce memory usage. Loaded Objects now: 1581.
Total: 1.389100 ms (FindLiveObjects: 0.126400 ms CreateObjectMapping: 0.025700 ms MarkObjects: 1.193300 ms  DeleteObjects: 0.042900 ms)

========================================================================
Received Prepare
Registering precompiled user dll's ...
Registered in 0.000536 seconds.
Begin MonoManager ReloadAssembly
Native extension for WindowsStandalone target not found
Refreshing native plugins compatible for Editor in 0.20 ms, found 0 plugins.
Preloading 0 native plugins for Editor in 0.00 ms.
Invoked RoslynAnalysisRunner static constructor.
RoslynAnalysisRunner will not be running.
RoslynAnalysisRunner has terminated.
Mono: successfully reloaded assembly
- Completed reload, in  0.586 seconds
Platform modules already initialized, skipping
Refreshing native plugins compatible for Editor in 0.19 ms, found 0 plugins.
Preloading 0 native plugins for Editor in 0.00 ms.
Unloading 1110 Unused Serialized files (Serialized files now loaded: 0)
System memory in use before: 62.2 MB.
System memory in use after: 62.3 MB.

Unloading 5 unused Assets to reduce memory usage. Loaded Objects now: 1584.
Total: 1.420100 ms (FindLiveObjects: 0.129000 ms CreateObjectMapping: 0.030300 ms MarkObjects: 1.218300 ms  DeleteObjects: 0.041700 ms)

========================================================================
Received Prepare
Registering precompiled user dll's ...
Registered in 0.000481 seconds.
Begin MonoManager ReloadAssembly
Native extension for WindowsStandalone target not found
Refreshing native plugins compatible for Editor in 0.21 ms, found 0 plugins.
Preloading 0 native plugins for Editor in 0.00 ms.
Invoked RoslynAnalysisRunner static constructor.
RoslynAnalysisRunner will not be running.
RoslynAnalysisRunner has terminated.
Mono: successfully reloaded assembly
- Completed reload, in  0.584 seconds
Platform modules already initialized, skipping
Refreshing native plugins compatible for Editor in 0.22 ms, found 0 plugins.
Preloading 0 native plugins for Editor in 0.00 ms.
Unloading 1110 Unused Serialized files (Serialized files now loaded: 0)
System memory in use before: 62.2 MB.
System memory in use after: 62.3 MB.

Unloading 5 unused Assets to reduce memory usage. Loaded Objects now: 1587.
Total: 1.374000 ms (FindLiveObjects: 0.123600 ms CreateObjectMapping: 0.025300 ms MarkObjects: 1.181100 ms  DeleteObjects: 0.043100 ms)

========================================================================
Received Prepare
Registering precompiled user dll's ...
Registered in 0.000477 seconds.
Begin MonoManager ReloadAssembly
Native extension for WindowsStandalone target not found
Refreshing native plugins compatible for Editor in 0.20 ms, found 0 plugins.
Preloading 0 native plugins for Editor in 0.00 ms.
Invoked RoslynAnalysisRunner static constructor.
RoslynAnalysisRunner will not be running.
RoslynAnalysisRunner has terminated.
Mono: successfully reloaded assembly
- Completed reload, in  0.593 seconds
Platform modules already initialized, skipping
Refreshing native plugins compatible for Editor in 0.16 ms, found 0 plugins.
Preloading 0 native plugins for Editor in 0.00 ms.
Unloading 1110 Unused Serialized files (Serialized files now loaded: 0)
System memory in use before: 62.2 MB.
System memory in use after: 62.3 MB.

Unloading 5 unused Assets to reduce memory usage. Loaded Objects now: 1590.
Total: 1.348700 ms (FindLiveObjects: 0.109400 ms CreateObjectMapping: 0.025400 ms MarkObjects: 1.174200 ms  DeleteObjects: 0.039000 ms)

========================================================================
Received Prepare
Registering precompiled user dll's ...
Registered in 0.000474 seconds.
Begin MonoManager ReloadAssembly
Native extension for WindowsStandalone target not found
Refreshing native plugins compatible for Editor in 0.21 ms, found 0 plugins.
Preloading 0 native plugins for Editor in 0.00 ms.
Invoked RoslynAnalysisRunner static constructor.
RoslynAnalysisRunner will not be running.
RoslynAnalysisRunner has terminated.
Mono: successfully reloaded assembly
- Completed reload, in  0.595 seconds
Platform modules already initialized, skipping
Refreshing native plugins compatible for Editor in 0.20 ms, found 0 plugins.
Preloading 0 native plugins for Editor in 0.00 ms.
Unloading 1110 Unused Serialized files (Serialized files now loaded: 0)
System memory in use before: 62.2 MB.
System memory in use after: 62.3 MB.

Unloading 5 unused Assets to reduce memory usage. Loaded Objects now: 1593.
Total: 1.361300 ms (FindLiveObjects: 0.121800 ms CreateObjectMapping: 0.025300 ms MarkObjects: 1.170100 ms  DeleteObjects: 0.042900 ms)

========================================================================
Received Import Request.
  Time since last request: 5237.008318 seconds.
  path: Assets/Animation/RotationXLeft.anim
  artifactKey: Guid(a7fa4d2d877b695458d5d0493aae9021) Importer(815301076,1909f56bfc062723c751e8b465ee728b)
Start importing Assets/Animation/RotationXLeft.anim using Guid(a7fa4d2d877b695458d5d0493aae9021) Importer(815301076,1909f56bfc062723c751e8b465ee728b)  -> (artifact id: '1f3c0dd5e40cc71c2599cffec6787a9b') in 0.008393 seconds
  Import took 0.010319 seconds .

========================================================================
Received Prepare
Registering precompiled user dll's ...
Registered in 0.000440 seconds.
Begin MonoManager ReloadAssembly
Native extension for WindowsStandalone target not found
Refreshing native plugins compatible for Editor in 0.21 ms, found 0 plugins.
Preloading 0 native plugins for Editor in 0.00 ms.
Invoked RoslynAnalysisRunner static constructor.
RoslynAnalysisRunner will not be running.
RoslynAnalysisRunner has terminated.
Mono: successfully reloaded assembly
- Completed reload, in  0.578 seconds
Platform modules already initialized, skipping
Refreshing native plugins compatible for Editor in 0.17 ms, found 0 plugins.
Preloading 0 native plugins for Editor in 0.00 ms.
Unloading 1110 Unused Serialized files (Serialized files now loaded: 0)
System memory in use before: 62.2 MB.
System memory in use after: 62.3 MB.

Unloading 5 unused Assets to reduce memory usage. Loaded Objects now: 1596.
Total: 1.327300 ms (FindLiveObjects: 0.109300 ms CreateObjectMapping: 0.025400 ms MarkObjects: 1.151200 ms  DeleteObjects: 0.040600 ms)

AssetImportWorkerClient::OnTransportError - code=2 error=End of file
