Using pre-set license
Built from '2020.3/release' branch; Version is '2020.3.1f1 (77a89f25062f) revision 7841951'; Using compiler version '192528614'; Build Type 'Release'
OS: 'Windows 10 IoT Enterprise; OS build 18363.2274; Version 1909; 64bit' Language: 'zh' Physical Memory: 32682 MB
BatchMode: 1, IsHumanControllingUs: 0, StartBugReporterOnCrash: 0, Is64bit: 1, IsPro: 0

 COMMAND LINE ARGUMENTS:
C:\Program Files\Unity\Hub\Editor\2020.3.1f1\Editor\Unity.exe
-adb2
-batchMode
-noUpm
-name
AssetImportWorker0
-projectPath
D:/Unity Project/CubeAnimation
-logFile
Logs/AssetImportWorker0.log
-srvPort
52760
Successfully changed project path to: D:/Unity Project/CubeAnimation
D:/Unity Project/CubeAnimation
Using Asset Import Pipeline V2.
Refreshing native plugins compatible for Editor in 18.75 ms, found 0 plugins.
Preloading 0 native plugins for Editor in 0.00 ms.
Initialize engine version: 2020.3.1f1 (77a89f25062f)
[Subsystems] Discovering subsystems at path C:/Program Files/Unity/Hub/Editor/2020.3.1f1/Editor/Data/Resources/UnitySubsystems
[Subsystems] Discovering subsystems at path D:/Unity Project/CubeAnimation/Assets
GfxDevice: creating device client; threaded=0
Direct3D:
    Version:  Direct3D 11.0 [level 11.1]
    Renderer: AMD Radeon RX 6700 XT (ID=0x73df)
    Vendor:   
    VRAM:     12242 MB
    Driver:   31.0.12015.1008
Initialize mono
Mono path[0] = 'C:/Program Files/Unity/Hub/Editor/2020.3.1f1/Editor/Data/Managed'
Mono path[1] = 'C:/Program Files/Unity/Hub/Editor/2020.3.1f1/Editor/Data/MonoBleedingEdge/lib/mono/unityjit'
Mono config path = 'C:/Program Files/Unity/Hub/Editor/2020.3.1f1/Editor/Data/MonoBleedingEdge/etc'
Using monoOptions --debugger-agent=transport=dt_socket,embedding=1,server=y,suspend=n,address=127.0.0.1:56324
Begin MonoManager ReloadAssembly
Registering precompiled unity dll's ...
Register platform support module: C:/Program Files/Unity/Hub/Editor/2020.3.1f1/Editor/Data/PlaybackEngines/WindowsStandaloneSupport/UnityEditor.WindowsStandalone.Extensions.dll
Registered in 0.001291 seconds.
Native extension for WindowsStandalone target not found
Refreshing native plugins compatible for Editor in 19.16 ms, found 0 plugins.
Preloading 0 native plugins for Editor in 0.00 ms.
Invoked RoslynAnalysisRunner static constructor.
RoslynAnalysisRunner will not be running.
RoslynAnalysisRunner has terminated.
Mono: successfully reloaded assembly
- Completed reload, in  0.791 seconds
Platform modules already initialized, skipping
Registering precompiled user dll's ...
Registered in 0.000444 seconds.
Begin MonoManager ReloadAssembly
Native extension for WindowsStandalone target not found
Refreshing native plugins compatible for Editor in 0.21 ms, found 0 plugins.
Preloading 0 native plugins for Editor in 0.00 ms.
Invoked RoslynAnalysisRunner static constructor.
RoslynAnalysisRunner will not be running.
RoslynAnalysisRunner has terminated.
Mono: successfully reloaded assembly
- Completed reload, in  0.635 seconds
Platform modules already initialized, skipping
========================================================================
Worker process is ready to serve import requests
Launched and connected shader compiler UnityShaderCompiler.exe after 0.03 seconds
Refreshing native plugins compatible for Editor in 0.21 ms, found 0 plugins.
Preloading 0 native plugins for Editor in 0.00 ms.
Unloading 1115 Unused Serialized files (Serialized files now loaded: 0)
System memory in use before: 62.1 MB.
System memory in use after: 62.2 MB.

Unloading 10 unused Assets to reduce memory usage. Loaded Objects now: 1557.
Total: 1.464900 ms (FindLiveObjects: 0.148300 ms CreateObjectMapping: 0.027100 ms MarkObjects: 1.219800 ms  DeleteObjects: 0.068500 ms)

========================================================================
Received Import Request.
  path: Assets/Animation/RotationXLeft.anim
  artifactKey: Guid(a7fa4d2d877b695458d5d0493aae9021) Importer(815301076,1909f56bfc062723c751e8b465ee728b)
Start importing Assets/Animation/RotationXLeft.anim using Guid(a7fa4d2d877b695458d5d0493aae9021) Importer(815301076,1909f56bfc062723c751e8b465ee728b)  -> (artifact id: 'db2d85e8eee8f37d48c3255111ed1f5e') in 0.023068 seconds
  Import took 0.024692 seconds .

========================================================================
Received Import Request.
  Time since last request: 0.001910 seconds.
  path: Assets/Animation/RotationXRight.anim
  artifactKey: Guid(d3c3075f6fdd4d04a83bc29450d1d396) Importer(815301076,1909f56bfc062723c751e8b465ee728b)
Start importing Assets/Animation/RotationXRight.anim using Guid(d3c3075f6fdd4d04a83bc29450d1d396) Importer(815301076,1909f56bfc062723c751e8b465ee728b)  -> (artifact id: '4a5057e60a017e81e53135afa60e8904') in 0.001752 seconds
  Import took 0.003034 seconds .

========================================================================
Received Import Request.
  Time since last request: 0.001186 seconds.
  path: Assets/Scenes
  artifactKey: Guid(6c8af768bac008c42a379989039e0721) Importer(815301076,1909f56bfc062723c751e8b465ee728b)
Start importing Assets/Scenes using Guid(6c8af768bac008c42a379989039e0721) Importer(815301076,1909f56bfc062723c751e8b465ee728b)  -> (artifact id: 'f33642770e5523319f6deaa449f1aa91') in 0.004371 seconds
  Import took 0.005541 seconds .

========================================================================
Received Import Request.
  Time since last request: 0.001590 seconds.
  path: Assets/Animation/RotationYLeft.anim
  artifactKey: Guid(75e49567db6f9724b939a7984862ffb8) Importer(815301076,1909f56bfc062723c751e8b465ee728b)
Start importing Assets/Animation/RotationYLeft.anim using Guid(75e49567db6f9724b939a7984862ffb8) Importer(815301076,1909f56bfc062723c751e8b465ee728b)  -> (artifact id: 'f1183dca728d52bd8874e1a19071e7ed') in 0.004623 seconds
  Import took 0.005908 seconds .

========================================================================
Received Import Request.
  Time since last request: 0.037033 seconds.
  path: Assets/MainLogic.cs
  artifactKey: Guid(093f94491ee5547478cf6f5976bbeee6) Importer(815301076,1909f56bfc062723c751e8b465ee728b)
Start importing Assets/MainLogic.cs using Guid(093f94491ee5547478cf6f5976bbeee6) Importer(815301076,1909f56bfc062723c751e8b465ee728b)  -> (artifact id: '3213d8ee490357b8c6cf1237e70b4d06') in 0.007176 seconds
  Import took 0.008835 seconds .

========================================================================
Received Import Request.
  Time since last request: 0.003877 seconds.
  path: Assets/Animation/RotationYRight.anim
  artifactKey: Guid(e9269eb0582fec04cb0aead5b2a5b279) Importer(815301076,1909f56bfc062723c751e8b465ee728b)
Start importing Assets/Animation/RotationYRight.anim using Guid(e9269eb0582fec04cb0aead5b2a5b279) Importer(815301076,1909f56bfc062723c751e8b465ee728b)  -> (artifact id: '0ae84c1e6594b09df9014185770ce140') in 0.004301 seconds
  Import took 0.005576 seconds .

========================================================================
Received Import Request.
  Time since last request: 0.003871 seconds.
  path: Assets/Scenes/SampleScene.unity
  artifactKey: Guid(9fc0d4010bbf28b4594072e72b8655ab) Importer(815301076,1909f56bfc062723c751e8b465ee728b)
Start importing Assets/Scenes/SampleScene.unity using Guid(9fc0d4010bbf28b4594072e72b8655ab) Importer(815301076,1909f56bfc062723c751e8b465ee728b)  -> (artifact id: '91b280111c6a5b85c079d80e1aead6f2') in 0.003920 seconds
  Import took 0.005151 seconds .

========================================================================
Received Import Request.
  Time since last request: 0.003880 seconds.
  path: Assets/CubeMovement.cs
  artifactKey: Guid(1a1652e75a5b8aa428a4244f0a40b794) Importer(815301076,1909f56bfc062723c751e8b465ee728b)
Start importing Assets/CubeMovement.cs using Guid(1a1652e75a5b8aa428a4244f0a40b794) Importer(815301076,1909f56bfc062723c751e8b465ee728b)  -> (artifact id: 'd02b219f47554a881a38fdfa1fbd8d8f') in 0.001336 seconds
  Import took 0.002652 seconds .

AssetImportWorkerClient::OnTransportError - code=2 error=End of file
